# JRE version: OpenJDK Runtime Environment Temurin-21.0.3+9 (21.0.3+9) (build 21.0.3+9-LTS)
# Java VM: OpenJDK 64-Bit Server VM Temurin-21.0.3+9 (21.0.3+9-LTS, mixed mode, emulated-client, tiered, compressed oops, compressed class ptrs, g1 gc, bsd-aarch64)
GC Precious Log:
 CardTable entry size: 512
 Card Set container configuration: InlinePtr #cards 4 size 8 Array Of Cards #cards 16 size 48 Howl #buckets 8 coarsen threshold 3686 Howl Bitmap #cards 512 size 80 coarsen threshold 460 Card regions per heap region 1 cards per card region 4096
 CPUs: 8 total, 8 available
 Memory: 16384M
 Large Page Support: Disabled
 NUMA Support: Disabled
 Compressed Oops: Enabled (Zero based)
 Heap Region Size: 2M
 Heap Min Capacity: 8M
 Heap Initial Capacity: 256M
 Heap Max Capacity: 4G
 Pre-touch: Disabled
 Parallel Workers: 8
 Concurrent Workers: 2
 Concurrent Refinement Workers: 8
 Periodic GC: Disabled
Heap:
 garbage-first heap   total 137216K, used 113481K [0x0000000700000000, 0x0000000800000000)
  region size 2048K, 39 young (79872K), 4 survivors (8192K)
 Metaspace       used 102213K, committed 103040K, reserved 1179648K
  class space    used 13719K, committed 14144K, reserved 1048576K
GC Heap History (20 events):
Event: 1786.467 GC heap after
{Heap after GC invocations=38 (full 1):
 garbage-first heap   total 163840K, used 48368K [0x0000000700000000, 0x0000000800000000)
  region size 2048K, 3 young (6144K), 3 survivors (6144K)
 Metaspace       used 98690K, committed 99456K, reserved 1179648K
  class space    used 13382K, committed 13760K, reserved 1048576K
}
Event: 2461.291 GC heap before
{Heap before GC invocations=38 (full 1):
 garbage-first heap   total 163840K, used 134384K [0x0000000700000000, 0x0000000800000000)
  region size 2048K, 45 young (92160K), 3 survivors (6144K)
 Metaspace       used 98695K, committed 99456K, reserved 1179648K
  class space    used 13384K, committed 13760K, reserved 1048576K
}
Event: 2461.324 GC heap after
{Heap after GC invocations=39 (full 1):
 garbage-first heap   total 163840K, used 48469K [0x0000000700000000, 0x0000000800000000)
  region size 2048K, 3 young (6144K), 3 survivors (6144K)
 Metaspace       used 98695K, committed 99456K, reserved 1179648K
  class space    used 13384K, committed 13760K, reserved 1048576K
}
Event: 3213.262 GC heap before
{Heap before GC invocations=40 (full 1):
 garbage-first heap   total 163840K, used 136533K [0x0000000700000000, 0x0000000800000000)
  region size 2048K, 46 young (94208K), 3 survivors (6144K)
 Metaspace       used 98642K, committed 99456K, reserved 1179648K
  class space    used 13373K, committed 13760K, reserved 1048576K
}
Event: 3213.293 GC heap after
{Heap after GC invocations=41 (full 1):
 garbage-first heap   total 163840K, used 48029K [0x0000000700000000, 0x0000000800000000)
  region size 2048K, 3 young (6144K), 3 survivors (6144K)
 Metaspace       used 98642K, committed 99456K, reserved 1179648K
  class space    used 13373K, committed 13760K, reserved 1048576K
}
Event: 3857.769 GC heap before
{Heap before GC invocations=41 (full 1):
 garbage-first heap   total 163840K, used 138141K [0x0000000700000000, 0x0000000800000000)
  region size 2048K, 48 young (98304K), 3 survivors (6144K)
 Metaspace       used 99111K, committed 99904K, reserved 1179648K
  class space    used 13456K, committed 13824K, reserved 1048576K
}
Event: 3857.800 GC heap after
{Heap after GC invocations=42 (full 1):
 garbage-first heap   total 163840K, used 48837K [0x0000000700000000, 0x0000000800000000)
  region size 2048K, 4 young (8192K), 4 survivors (8192K)
 Metaspace       used 99111K, committed 99904K, reserved 1179648K
  class space    used 13456K, committed 13824K, reserved 1048576K
}
Event: 4643.114 GC heap before
{Heap before GC invocations=42 (full 1):
 garbage-first heap   total 163840K, used 138949K [0x0000000700000000, 0x0000000800000000)
  region size 2048K, 48 young (98304K), 4 survivors (8192K)
 Metaspace       used 99111K, committed 99904K, reserved 1179648K
  class space    used 13456K, committed 13824K, reserved 1048576K
}
Event: 4643.150 GC heap after
{Heap after GC invocations=43 (full 1):
 garbage-first heap   total 163840K, used 47775K [0x0000000700000000, 0x0000000800000000)
  region size 2048K, 2 young (4096K), 2 survivors (4096K)
 Metaspace       used 99111K, committed 99904K, reserved 1179648K
  class space    used 13456K, committed 13824K, reserved 1048576K
}
Event: 5329.373 GC heap before
{Heap before GC invocations=44 (full 1):
 garbage-first heap   total 163840K, used 139935K [0x0000000700000000, 0x0000000800000000)
  region size 2048K, 48 young (98304K), 2 survivors (4096K)
 Metaspace       used 99419K, committed 100224K, reserved 1179648K
  class space    used 13485K, committed 13888K, reserved 1048576K
}
Event: 5329.387 GC heap after
{Heap after GC invocations=45 (full 1):
 garbage-first heap   total 163840K, used 48403K [0x0000000700000000, 0x0000000800000000)
  region size 2048K, 2 young (4096K), 2 survivors (4096K)
 Metaspace       used 99419K, committed 100224K, reserved 1179648K
  class space    used 13485K, committed 13888K, reserved 1048576K
}
Event: 5869.958 GC heap before
{Heap before GC invocations=45 (full 1):
 garbage-first heap   total 163840K, used 120083K [0x0000000700000000, 0x0000000800000000)
  region size 2048K, 38 young (77824K), 2 survivors (4096K)
 Metaspace       used 99443K, committed 100288K, reserved 1179648K
  class space    used 13489K, committed 13888K, reserved 1048576K
}
Event: 5870.022 GC heap after
{Heap after GC invocations=46 (full 2):
 garbage-first heap   total 137216K, used 35485K [0x0000000700000000, 0x0000000800000000)
  region size 2048K, 0 young (0K), 0 survivors (0K)
 Metaspace       used 99316K, committed 100288K, reserved 1179648K
  class space    used 13456K, committed 13888K, reserved 1048576K
}
Event: 5870.568 GC heap before
{Heap before GC invocations=46 (full 2):
 garbage-first heap   total 137216K, used 115357K [0x0000000700000000, 0x0000000800000000)
  region size 2048K, 40 young (81920K), 0 survivors (0K)
 Metaspace       used 100021K, committed 100864K, reserved 1179648K
  class space    used 13566K, committed 13952K, reserved 1048576K
}
Event: 5870.572 GC heap after
{Heap after GC invocations=47 (full 2):
 garbage-first heap   total 137216K, used 43295K [0x0000000700000000, 0x0000000800000000)
  region size 2048K, 4 young (8192K), 4 survivors (8192K)
 Metaspace       used 100021K, committed 100864K, reserved 1179648K
  class space    used 13566K, committed 13952K, reserved 1048576K
}
Event: 5902.778 GC heap before
{Heap before GC invocations=48 (full 2):
 garbage-first heap   total 137216K, used 110879K [0x0000000700000000, 0x0000000800000000)
  region size 2048K, 38 young (77824K), 4 survivors (8192K)
 Metaspace       used 100998K, committed 101888K, reserved 1179648K
  class space    used 13640K, committed 14080K, reserved 1048576K
}
Event: 5902.888 GC heap after
{Heap after GC invocations=49 (full 3):
 garbage-first heap   total 137216K, used 37239K [0x0000000700000000, 0x0000000800000000)
  region size 2048K, 0 young (0K), 0 survivors (0K)
 Metaspace       used 100737K, committed 101888K, reserved 1179648K
  class space    used 13576K, committed 14080K, reserved 1048576K
}
Event: 5903.546 GC heap before
{Heap before GC invocations=49 (full 3):
 garbage-first heap   total 137216K, used 117111K [0x0000000700000000, 0x0000000800000000)
  region size 2048K, 40 young (81920K), 0 survivors (0K)
 Metaspace       used 101329K, committed 102144K, reserved 1179648K
  class space    used 13648K, committed 14080K, reserved 1048576K
}
Event: 5903.548 GC heap after
{Heap after GC invocations=50 (full 3):
 garbage-first heap   total 137216K, used 43530K [0x0000000700000000, 0x0000000800000000)
  region size 2048K, 4 young (8192K), 4 survivors (8192K)
 Metaspace       used 101329K, committed 102144K, reserved 1179648K
  class space    used 13648K, committed 14080K, reserved 1048576K
}
Event: 6011.501 GC heap before
{Heap before GC invocations=51 (full 3):
 garbage-first heap   total 137216K, used 113162K [0x0000000700000000, 0x0000000800000000)
  region size 2048K, 39 young (79872K), 4 survivors (8192K)
 Metaspace       used 102213K, committed 103040K, reserved 1179648K
  class space    used 13719K, committed 14144K, reserved 1048576K
}

